<?xml version="1.0" encoding="UTF-8"?>
<testng-results ignored="0" total="1" passed="1" failed="0" skipped="0">
  <reporter-output>
  </reporter-output>
  <suite started-at="2024-01-26T16:09:30 IST" name="Suite" finished-at="2024-01-26T16:09:57 IST" duration-ms="27152">
    <groups>
    </groups>
    <test started-at="2024-01-26T16:09:30 IST" name="Test" finished-at="2024-01-26T16:09:57 IST" duration-ms="27152">
      <class name="Suchithra.MasterAutomation.AmazonWebUI">
        <test-method is-config="true" signature="setup(java.lang.String,java.lang.String)[pri:0, instance:Suchithra.MasterAutomation.AmazonWebUI@957e06]" started-at="2024-01-26T16:09:30 IST" name="setup" finished-at="2024-01-26T16:09:46 IST" duration-ms="15461" status="PASS">
          <params>
            <param index="0">
              <value>
                <![CDATA[windows]]>
              </value>
            </param>
            <param index="1">
              <value>
                <![CDATA[chrome]]>
              </value>
            </param>
          </params>
          <reporter-output>
          </reporter-output>
        </test-method> <!-- setup -->
        <test-method signature="verify_account_registration(java.lang.String,java.lang.String)[pri:0, instance:Suchithra.MasterAutomation.AmazonWebUI@957e06]" started-at="2024-01-26T16:09:48 IST" name="verify_account_registration" data-provider="webui" finished-at="2024-01-26T16:09:57 IST" duration-ms="9124" status="PASS">
          <params>
            <param index="0">
              <value>
                <![CDATA[toys]]>
              </value>
            </param>
            <param index="1">
              <value>
                <![CDATA[uy FIRSTCRY INTELLISKILLS Intelliskills Premium 40 Pcs Mega Building&amp;Construction Block Sets for Baby&amp;Kids |Smart Activity,Educational&amp;Learning Blocks with Smooth Edges for Girls&amp;Boys| Multi|12+ Months Online at Low Prices in India - Amazon.in
]]>
              </value>
            </param>
          </params>
          <reporter-output>
          </reporter-output>
        </test-method> <!-- verify_account_registration -->
        <test-method is-config="true" signature="tearDown(org.testng.ITestResult)[pri:0, instance:Suchithra.MasterAutomation.AmazonWebUI@957e06]" started-at="2024-01-26T16:09:57 IST" name="tearDown" finished-at="1970-01-01T05:30:00 IST" duration-ms="-1706265597393" status="FAIL">
          <exception class="org.testng.TestNGException">
            <message>
              <![CDATA[
Can inject only one of <ITestContext, XmlTest> into a @AfterClass annotated tearDown.
For more information on native dependency injection please refer to https://testng.org/doc/documentation-main.html#native-dependency-injection]]>
            </message>
            <full-stacktrace>
              <![CDATA[org.testng.TestNGException: 
Can inject only one of <ITestContext, XmlTest> into a @AfterClass annotated tearDown.
For more information on native dependency injection please refer to https://testng.org/doc/documentation-main.html#native-dependency-injection
at org.testng.internal.Parameters.checkParameterTypes(Parameters.java:439)
at org.testng.internal.Parameters.createParametersForMethod(Parameters.java:353)
at org.testng.internal.Parameters.createParameters(Parameters.java:708)
at org.testng.internal.Parameters.createConfigurationParameters(Parameters.java:168)
at org.testng.internal.ConfigInvoker.invokeConfigurations(ConfigInvoker.java:302)
at org.testng.internal.TestMethodWorker.invokeAfterClassMethods(TestMethodWorker.java:217)
at org.testng.internal.TestMethodWorker.run(TestMethodWorker.java:130)
at java.base/java.util.ArrayList.forEach(ArrayList.java:1511)
at org.testng.TestRunner.privateRun(TestRunner.java:794)
at org.testng.TestRunner.run(TestRunner.java:596)
at org.testng.SuiteRunner.runTest(SuiteRunner.java:377)
at org.testng.SuiteRunner.runSequentially(SuiteRunner.java:371)
at org.testng.SuiteRunner.privateRun(SuiteRunner.java:332)
at org.testng.SuiteRunner.run(SuiteRunner.java:276)
at org.testng.SuiteRunnerWorker.runSuite(SuiteRunnerWorker.java:53)
at org.testng.SuiteRunnerWorker.run(SuiteRunnerWorker.java:96)
at org.testng.TestNG.runSuitesSequentially(TestNG.java:1212)
at org.testng.TestNG.runSuitesLocally(TestNG.java:1134)
at org.testng.TestNG.runSuites(TestNG.java:1063)
at org.testng.TestNG.run(TestNG.java:1031)
at org.testng.remote.AbstractRemoteTestNG.run(AbstractRemoteTestNG.java:115)
at org.testng.remote.RemoteTestNG.initAndRun(RemoteTestNG.java:251)
at org.testng.remote.RemoteTestNG.main(RemoteTestNG.java:77)
]]>
            </full-stacktrace>
          </exception> <!-- org.testng.TestNGException -->
          <reporter-output>
          </reporter-output>
        </test-method> <!-- tearDown -->
      </class> <!-- Suchithra.MasterAutomation.AmazonWebUI -->
    </test> <!-- Test -->
  </suite> <!-- Suite -->
</testng-results>
